Arguments: 
  /usr/local/bin/node /usr/local/Cellar/yarn/1.17.3/libexec/bin/yarn.js add @sendgrid/mail @sentry/node async axios base64-img bcrypt bcrypt-nodejs body-parser cheerio cloudinary cors crypto dotenv express jsonwebtoken lodash mailchimp-api-3 moment mongoose mongoose-autopopulate morgan multer path request scrape-it

PATH: 
  /usr/local/bin:/usr/bin:/bin:/usr/sbin:/sbin:/Users/swoleengineer/mongodb/bin:/Users/swoleengineer/mongodb/bin

Yarn version: 
  1.17.3

Node version: 
  10.16.3

Platform: 
  darwin x64

Trace: 
  SyntaxError: /Users/swoleengineer/projects/keenpages/server/package.json: Unexpected token } in JSON at position 302
      at JSON.parse (<anonymous>)
      at /usr/local/Cellar/yarn/1.17.3/libexec/lib/cli.js:1625:59
      at Generator.next (<anonymous>)
      at step (/usr/local/Cellar/yarn/1.17.3/libexec/lib/cli.js:304:30)
      at /usr/local/Cellar/yarn/1.17.3/libexec/lib/cli.js:315:13

npm manifest: 
  {
    "name": "keenpages",
    "version": "1.0.0",
    "description": "",
    "main": "server.js",
    "scripts": {
      "lint": "eslint",
      "test": "echo \"Error: no test specified\" && exit 1",
      "dev": "nodemon server",
      "start": "node server.js"
    },
    "author": "Swole Engineer",
    "license": "ISC",
  
  }

yarn manifest: 
  No manifest

Lockfile: 
  No lockfile
